2026-02-09 02:47:34,428 INFO Audit log → logs/utils_audit_20260209_024734.log
2026-02-09 02:47:34,446 INFO Canonical source: /app/utils
2026-02-09 02:47:34,447 INFO Total canonical functions: 2
2026-02-09 02:47:34,447 INFO ── auditing function: validate_gtfs_files_exist ──
2026-02-09 02:47:36,544 INFO   ✓ 1 identical copy(ies)
2026-02-09 02:47:36,545 INFO       /app/scripts/data_quality/gtfs_stop_proximity_qc.py
2026-02-09 02:47:36,545 INFO ── auditing function: load_gtfs_data ──
2026-02-09 02:47:38,571 INFO   ✓ 15 identical copy(ies)
2026-02-09 02:47:38,572 INFO       /app/scripts/field_tools/ridecheck_cluster_checklists.py
2026-02-09 02:47:38,572 INFO       /app/scripts/field_tools/printable_block_schedules.py
2026-02-09 02:47:38,572 INFO       /app/scripts/block_and_bay_tools/gtfs_block_status_timeline.py
2026-02-09 02:47:38,572 INFO       /app/scripts/data_quality/stop_vs_roadname_checker_gpd.py
2026-02-09 02:47:38,572 INFO       /app/scripts/network_analysis/route_direction_classifier.py
2026-02-09 02:47:38,572 INFO       /app/scripts/service_coverage_geotools/gtfs_census_catchment_analysis_gpd.py
2026-02-09 02:47:38,572 INFO       /app/scripts/service_coverage_geotools/gtfs_service_by_district_gpd.py
2026-02-09 02:47:38,572 INFO       /app/scripts/service_coverage_geotools/site_route_proximity_arcpy.py
2026-02-09 02:47:38,572 INFO       /app/scripts/service_coverage_geotools/gtfs_census_catchment_arcpy.py
2026-02-09 02:47:38,572 INFO       /app/scripts/service_coverage_geotools/gtfs_service_by_district_arcpy.py
2026-02-09 02:47:38,572 INFO       /app/scripts/gtfs_exports/segment_speed_exporter.py
2026-02-09 02:47:38,572 INFO       /app/scripts/gtfs_exports/bus_block_exporter.py
2026-02-09 02:47:38,572 INFO       /app/scripts/gtfs_exports/timepoint_schedule_exporter.py
2026-02-09 02:47:38,572 INFO       /app/scripts/gtfs_exports/gtfs_to_shapefile_gpd.py
2026-02-09 02:47:38,573 INFO       /app/scripts/gtfs_exports/stop_pattern_exporter.py
2026-02-09 02:47:38,573 INFO Audit finished – all duplicates match the canonical code.
